<?xml version="1.0" encoding="UTF-8"?><testrun duration="5702" footerText="Generated by IntelliJ IDEA on 01.03.16 19:32" name="TestXmlGetter.testGetter">
    <count name="total" value="30"/>
    <count name="failed" value="3"/>
    <count name="passed" value="27"/>
    <config nameIsGenerated="true" configId="TestNG" name="TestXmlGetter.testGetter">
        <log_file path="/home/natali/myWeb/currency/src/main/resources/logOutput" checked="true" skipped="true" show_all="true" alias="/home/natali/myWeb/currency/src/main/resources/logOutput"/>
        <extension name="coverage" enabled="false" merge="false" sample_coverage="true" runner="idea"/>
        <module name="currency"/>
        <option name="ALTERNATIVE_JRE_PATH_ENABLED" value="false"/>
        <option name="ALTERNATIVE_JRE_PATH"/>
        <option name="SUITE_NAME" value=""/>
        <option name="PACKAGE_NAME" value=""/>
        <option name="MAIN_CLASS_NAME" value="TestXmlGetter"/>
        <option name="METHOD_NAME" value="testGetter"/>
        <option name="GROUP_NAME" value=""/>
        <option name="TEST_OBJECT" value="METHOD"/>
        <option name="VM_PARAMETERS" value="-ea"/>
        <option name="PARAMETERS" value=""/>
        <option name="WORKING_DIRECTORY" value="file://$MODULE_DIR$"/>
        <option name="OUTPUT_DIRECTORY" value="/home/natali/myWeb/currency/target"/>
        <option name="ANNOTATION_TYPE"/>
        <option name="ENV_VARIABLES"/>
        <option name="PASS_PARENT_ENVS" value="true"/>
        <option name="TEST_SEARCH_SCOPE">
            <value defaultName="moduleWithDependencies"/>
        </option>
        <option name="USE_DEFAULT_REPORTERS" value="false"/>
        <option name="PROPERTIES_FILE" value="/home/natali/myWeb/currency/src/main/resources/testData.properties"/>
        <envs/>
        <properties/>
        <listeners/>
    </config>
    <root name="Default Suite" location="file:///home/natali/.IntelliJIdea15/system/temp-testng-customsuite.xml"/>
    <suite duration="5702" locationUrl="file:///home/natali/.IntelliJIdea15/system/temp-testng-customsuite.xml" name="currency" status="failed">
        <suite duration="5702" locationUrl="java:suite://TestXmlGetter" name="TestXmlGetter" status="failed">
            <test duration="1931" locationUrl="java:test://TestXmlGetter.testGetter[0]" name="TestXmlGetter.testGetter[1.0, 22.02.2015, 0.0]" status="passed"/>
            <test duration="226" locationUrl="java:test://TestXmlGetter.testGetter[1]" name="TestXmlGetter.testGetter[0.0, 42057.0, 2.0] (1)" status="passed"/>
            <test duration="191" locationUrl="java:test://TestXmlGetter.testGetter[2]" name="TestXmlGetter.testGetter[-1.0, 22.02.2015, 2.0] (2)" status="passed"/>
            <test duration="231" locationUrl="java:test://TestXmlGetter.testGetter[3]" name="TestXmlGetter.testGetter[128.0, 23.02.2015, 2.0] (3)" status="passed"/>
            <test duration="187" locationUrl="java:test://TestXmlGetter.testGetter[4]" name="TestXmlGetter.testGetter[-129.0, 24.02.2015, 2.0] (4)" status="passed"/>
            <test duration="182" locationUrl="java:test://TestXmlGetter.testGetter[5]" name="TestXmlGetter.testGetter[32768.0, 25.02.2015, 2.0] (5)" status="passed"/>
            <test duration="192" locationUrl="java:test://TestXmlGetter.testGetter[6]" name="TestXmlGetter.testGetter[-32769.0, 26.02.2015, 2.0] (6)" status="passed"/>
            <test duration="208" locationUrl="java:test://TestXmlGetter.testGetter[7]" name="TestXmlGetter.testGetter[2.147483648E9, 27.02.2015, 2.0] (7)" status="passed"/>
            <test duration="186" locationUrl="java:test://TestXmlGetter.testGetter[8]" name="TestXmlGetter.testGetter[-2.147483649E9, 28.02.2015, 2.0] (8)" status="passed"/>
            <test duration="207" locationUrl="java:test://TestXmlGetter.testGetter[9]" name="TestXmlGetter.testGetter[65535.0, 01.03.2015, 2.0] (9)" status="passed"/>
            <test duration="189" locationUrl="java:test://TestXmlGetter.testGetter[10]" name="TestXmlGetter.testGetter[d, 02.03.2015, 2.0] (10)" status="passed"/>
            <test duration="229" locationUrl="java:test://TestXmlGetter.testGetter[11]" name="TestXmlGetter.testGetter[dfd, 03.03.2015, 2.0] (11)" status="passed"/>
            <test duration="180" locationUrl="java:test://TestXmlGetter.testGetter[12]" name="TestXmlGetter.testGetter[false, 04.03.2015, 2.0] (12)" status="passed"/>
            <test duration="195" locationUrl="java:test://TestXmlGetter.testGetter[13]" name="TestXmlGetter.testGetter[true, 22.02.2015, 2.0] (13)" status="passed"/>
            <test duration="390" locationUrl="java:test://TestXmlGetter.testGetter[14]" name="TestXmlGetter.testGetter[1.0, 22.03.2016, 2.0] (14)" status="passed">
                <output type="stderr">java.io.FileNotFoundException: https://www.bnm.md/en/official_exchange_rates?get_xml=1.0&amp;amp;date=22.03.2016
</output>
                <output type="stdout"/>
                <output type="stderr">	at sun.net.www.protocol.http.HttpURLConnection.getInputStream0(HttpURLConnection.java:1835)
	at sun.net.www.protocol.http.HttpURLConnection.getInputStream(HttpURLConnection.java:1440)
	at sun.net.www.protocol.https.HttpsURLConnectionImpl.getInputStream(HttpsURLConnectionImpl.java:254)
	at XMLGetter.getDocument(XMLGetter.java:34)
	at TestXmlGetter.testGetter(TestXmlGetter.java:28)
</output>
            </test>
            <test duration="28" locationUrl="java:test://TestXmlGetter.testGetter[15]" name="TestXmlGetter.testGetter[1.0, 33.04.2015, 2.0] (15)" status="failed">
                <output type="stderr">	at sun.reflect.NativeMethodAccessorImpl.invoke0(Native Method)
	at sun.reflect.NativeMethodAccessorImpl.invoke(NativeMethodAccessorImpl.java:62)
	at sun.reflect.DelegatingMethodAccessorImpl.invoke(DelegatingMethodAccessorImpl.java:43)
	at java.lang.reflect.Method.invoke(Method.java:497)
	at org.testng.internal.MethodInvocationHelper.invokeMethod(MethodInvocationHelper.java:80)
	at org.testng.internal.Invoker.invokeMethod(Invoker.java:714)
	at org.testng.internal.Invoker.invokeTestMethod(Invoker.java:901)
	at org.testng.internal.Invoker.invokeTestMethods(Invoker.java:1231)
	at org.testng.internal.TestMethodWorker.invokeTestMethods(TestMethodWorker.java:127)
	at org.testng.internal.TestMethodWorker.run(TestMethodWorker.java:111)
	at org.testng.TestRunner.privateRun(TestRunner.java:767)
	at org.testng.TestRunner.run(TestRunner.java:617)
	at org.testng.SuiteRunner.runTest(SuiteRunner.java:334)
	at org.testng.SuiteRunner.runSequentially(SuiteRunner.java:329)
	at org.testng.SuiteRunner.privateRun(SuiteRunner.java:291)
	at org.testng.SuiteRunner.run(SuiteRunner.java:240)
	at org.testng.SuiteRunnerWorker.runSuite(SuiteRunnerWorker.java:52)
	at org.testng.SuiteRunnerWorker.run(SuiteRunnerWorker.java:86)
	at org.testng.TestNG.runSuitesSequentially(TestNG.java:1198)
	at org.testng.TestNG.runSuitesLocally(TestNG.java:1123)
	at org.testng.TestNG.run(TestNG.java:1031)
	at org.testng.IDEARemoteTestNG.run(IDEARemoteTestNG.java:72)
	at org.testng.RemoteTestNGStarter.main(RemoteTestNGStarter.java:122)
	at sun.reflect.NativeMethodAccessorImpl.invoke0(Native Method)
	at sun.reflect.NativeMethodAccessorImpl.invoke(NativeMethodAccessorImpl.java:62)
	at sun.reflect.DelegatingMethodAccessorImpl.invoke(DelegatingMethodAccessorImpl.java:43)
	at java.lang.reflect.Method.invoke(Method.java:497)
	at com.intellij.rt.execution.application.AppMain.main(AppMain.java:144)
</output>
            </test>
            <test duration="28" locationUrl="java:test://TestXmlGetter.testGetter[16]" name="TestXmlGetter.testGetter[1.0, 00.04.2015, 2.0] (16)" status="failed"/>
            <test duration="25" locationUrl="java:test://TestXmlGetter.testGetter[17]" name="TestXmlGetter.testGetter[1.0, -29.04.2015, 1.0] (17)" status="passed"/>
            <test duration="28" locationUrl="java:test://TestXmlGetter.testGetter[18]" name="TestXmlGetter.testGetter[1.0, 1.04.2015, 1.0] (18)" status="passed"/>
            <test duration="26" locationUrl="java:test://TestXmlGetter.testGetter[19]" name="TestXmlGetter.testGetter[1.0, 12.48.2015, 1.0] (19)" status="passed"/>
            <test duration="17" locationUrl="java:test://TestXmlGetter.testGetter[20]" name="TestXmlGetter.testGetter[1.0, 12.00.2015, 1.0] (20)" status="passed"/>
            <test duration="22" locationUrl="java:test://TestXmlGetter.testGetter[21]" name="TestXmlGetter.testGetter[1.0, 12.-11.2015, 1.0] (21)" status="passed"/>
            <test duration="415" locationUrl="java:test://TestXmlGetter.testGetter[22]" name="TestXmlGetter.testGetter[1.0, 12.12.1001, 2.0] (22)" status="passed"/>
            <test duration="27" locationUrl="java:test://TestXmlGetter.testGetter[23]" name="TestXmlGetter.testGetter[1.0, 111.05.2014, 1.0] (23)" status="passed">
                <output type="stderr">java.io.FileNotFoundException: https://www.bnm.md/en/official_exchange_rates?get_xml=1.0&amp;amp;date=12.12.1001
	at sun.net.www.protocol.http.HttpURLConnection.getInputStream0(HttpURLConnection.java:1835)
	at sun.net.www.protocol.http.HttpURLConnection.getInputStream(HttpURLConnection.java:1440)
	at sun.net.www.protocol.https.HttpsURLConnectionImpl.getInputStream(HttpsURLConnectionImpl.java:254)
	at XMLGetter.getDocument(XMLGetter.java:34)
	at TestXmlGetter.testGetter(TestXmlGetter.java:28)
	at sun.reflect.GeneratedMethodAccessor1.invoke(Unknown Source)
	at sun.reflect.DelegatingMethodAccessorImpl.invoke(DelegatingMethodAccessorImpl.java:43)
	at java.lang.reflect.Method.invoke(Method.java:497)
	at org.testng.internal.MethodInvocationHelper.invokeMethod(MethodInvocationHelper.java:80)
	at org.testng.internal.Invoker.invokeMethod(Invoker.java:714)
	at org.testng.internal.Invoker.invokeTestMethod(Invoker.java:901)
	at org.testng.internal.Invoker.invokeTestMethods(Invoker.java:1231)
	at org.testng.internal.TestMethodWorker.invokeTestMethods(TestMethodWorker.java:127)
	at org.testng.internal.TestMethodWorker.run(TestMethodWorker.java:111)
	at org.testng.TestRunner.privateRun(TestRunner.java:767)
	at org.testng.TestRunner.run(TestRunner.java:617)
	at org.testng.SuiteRunner.runTest(SuiteRunner.java:334)
	at org.testng.SuiteRunner.runSequentially(SuiteRunner.java:329)
	at org.testng.SuiteRunner.privateRun(SuiteRunner.java:291)
	at org.testng.SuiteRunner.run(SuiteRunner.java:240)
	at org.testng.SuiteRunnerWorker.runSuite(SuiteRunnerWorker.java:52)
	at org.testng.SuiteRunnerWorker.run(SuiteRunnerWorker.java:86)
	at org.testng.TestNG.runSuitesSequentially(TestNG.java:1198)
	at org.testng.TestNG.runSuitesLocally(TestNG.java:1123)
	at org.testng.TestNG.run(TestNG.java:1031)
	at org.testng.IDEARemoteTestNG.run(IDEARemoteTestNG.java:72)
	at org.testng.RemoteTestNGStarter.main(RemoteTestNGStarter.java:122)
	at sun.reflect.NativeMethodAccessorImpl.invoke0(Native Method)
	at sun.reflect.NativeMethodAccessorImpl.invoke(NativeMethodAccessorImpl.java:62)
	at sun.reflect.DelegatingMethodAccessorImpl.invoke(DelegatingMethodAccessorImpl.java:43)
	at java.lang.reflect.Method.invoke(Method.java:497)
	at com.intellij.rt.execution.application.AppMain.main(AppMain.java:144)
java.io.IOException: Server returned HTTP response code: 400 for URL: https://www.bnm.md/en/official_exchange_rates?get_xml=1.0&amp;amp;date=11.005. 2016
	at sun.net.www.protocol.http.HttpURLConnection.getInputStream0(HttpURLConnection.java:1839)
	at sun.net.www.protocol.http.HttpURLConnection.getInputStream(HttpURLConnection.java:1440)
	at sun.net.www.protocol.https.HttpsURLConnectionImpl.getInputStream(HttpsURLConnectionImpl.java:254)
	at XMLGetter.getDocument(XMLGetter.java:34)
	at TestXmlGetter.testGetter(TestXmlGetter.java:28)
	at sun.reflect.GeneratedMethodAccessor1.invoke(Unknown Source)
	at sun.reflect.DelegatingMethodAccessorImpl.invoke(DelegatingMethodAccessorImpl.java:43)
	at java.lang.reflect.Method.invoke(Method.java:497)
	at org.testng.internal.MethodInvocationHelper.invokeMethod(MethodInvocationHelper.java:80)
	at org.testng.internal.Invoker.invokeMethod(Invoker.java:714)
	at org.testng.internal.Invoker.invokeTestMethod(Invoker.java:901)
	at org.testng.internal.Invoker.invokeTestMethods(Invoker.java:1231)
	at org.testng.internal.TestMethodWorker.invokeTestMethods(TestMethodWorker.java:127)
	at org.testng.internal.TestMethodWorker.run(TestMethodWorker.java:111)
	at org.testng.TestRunner.privateRun(TestRunner.java:767)
	at org.testng.TestRunner.run(TestRunner.java:617)
	at org.testng.SuiteRunner.runTest(SuiteRunner.java:334)
	at org.testng.SuiteRunner.runSequentially(SuiteRunner.java:329)
	at org.testng.SuiteRunner.privateRun(SuiteRunner.java:291)
	at org.testng.SuiteRunner.run(SuiteRunner.java:240)
	at org.testng.SuiteRunnerWorker.runSuite(SuiteRunnerWorker.java:52)
	at org.testng.SuiteRunnerWorker.run(SuiteRunnerWorker.java:86)
	at org.testng.TestNG.runSuitesSequentially(TestNG.java:1198)
	at org.testng.TestNG.runSuitesLocally(TestNG.java:1123)
	at org.testng.TestNG.run(TestNG.java:1031)
	at org.testng.IDEARemoteTestNG.run(IDEARemoteTestNG.java:72)
	at org.testng.RemoteTestNGStarter.main(RemoteTestNGStarter.java:122)
	at sun.reflect.NativeMethodAccessorImpl.invoke0(Native Method)
	at sun.reflect.NativeMethodAccessorImpl.invoke(NativeMethodAccessorImpl.java:62)
	at sun.reflect.DelegatingMethodAccessorImpl.invoke(DelegatingMethodAccessorImpl.java:43)
	at java.lang.reflect.Method.invoke(Method.java:497)
	at com.intellij.rt.execution.application.AppMain.main(AppMain.java:144)
</output>
            </test>
            <test duration="4" locationUrl="java:test://TestXmlGetter.testGetter[24]" name="TestXmlGetter.testGetter[1.0, 11.005. 2016, 1.0] (24)" status="failed"/>
            <test duration="64" locationUrl="java:test://TestXmlGetter.testGetter[25]" name="TestXmlGetter.testGetter[1.0, 22.04.201555, 1.0] (25)" status="passed"/>
            <test duration="23" locationUrl="java:test://TestXmlGetter.testGetter[26]" name="TestXmlGetter.testGetter[1.0, 0a.05.2014, 1.0] (26)" status="passed"/>
            <test duration="18" locationUrl="java:test://TestXmlGetter.testGetter[27]" name="TestXmlGetter.testGetter[1.0, 02.4d.2015, 1.0] (27)" status="passed"/>
            <test duration="23" locationUrl="java:test://TestXmlGetter.testGetter[28]" name="TestXmlGetter.testGetter[1.0, 03.04.201A, 1.0] (28)" status="passed"/>
            <test duration="30" locationUrl="java:test://TestXmlGetter.testGetter[29]" name="TestXmlGetter.testGetter[1.0, 03.0-.2014, 1.0] (29)" status="passed"/>
        </suite>
    </suite>
</testrun>
